<?xml version="1.0" encoding="UTF-8"?>
<testng-results ignored="0" total="9" passed="9" failed="0" skipped="0">
  <reporter-output>
  </reporter-output>
  <suite started-at="2024-04-14T18:05:01 UTC" name="Vendor-Portal" finished-at="2024-04-14T18:05:18 UTC" duration-ms="17637">
    <groups>
    </groups>
    <test started-at="2024-04-14T18:05:01 UTC" name="User-John" finished-at="2024-04-14T18:05:14 UTC" duration-ms="13933">
      <class name="com.pagetest.vendorportal.VendorPortalTest">
        <test-method is-config="true" signature="setUpConfig()[pri:0, instance:com.pagetest.vendorportal.VendorPortalTest@3d246ea3]" started-at="2024-04-14T18:05:01 UTC" name="setUpConfig" finished-at="2024-04-14T18:05:01 UTC" duration-ms="23" status="PASS">
          <reporter-output>
          </reporter-output>
        </test-method> <!-- setUpConfig -->
        <test-method is-config="true" signature="setDriver(org.testng.ITestContext)[pri:0, instance:com.pagetest.vendorportal.VendorPortalTest@3d246ea3]" started-at="2024-04-14T18:05:01 UTC" name="setDriver" finished-at="2024-04-14T18:05:04 UTC" duration-ms="3453" status="PASS">
          <params>
            <param index="0">
              <value>
                <![CDATA[org.testng.TestRunner@8ad6665]]>
              </value>
            </param>
          </params>
          <reporter-output>
          </reporter-output>
        </test-method> <!-- setDriver -->
        <test-method is-config="true" signature="setPageObject(java.lang.String)[pri:0, instance:com.pagetest.vendorportal.VendorPortalTest@3d246ea3]" started-at="2024-04-14T18:05:04 UTC" name="setPageObject" finished-at="2024-04-14T18:05:05 UTC" depends-on-methods="com.pagetest.AbstractTest.setDriver" duration-ms="770" status="PASS">
          <params>
            <param index="0">
              <value>
                <![CDATA[test-data/vendorportal/john.json]]>
              </value>
            </param>
          </params>
          <reporter-output>
          </reporter-output>
        </test-method> <!-- setPageObject -->
        <test-method signature="loginTest()[pri:0, instance:com.pagetest.vendorportal.VendorPortalTest@3d246ea3]" started-at="2024-04-14T18:05:05 UTC" name="loginTest" finished-at="2024-04-14T18:05:08 UTC" duration-ms="3221" status="PASS">
          <reporter-output>
          </reporter-output>
        </test-method> <!-- loginTest -->
        <test-method signature="dashboardTest()[pri:0, instance:com.pagetest.vendorportal.VendorPortalTest@3d246ea3]" started-at="2024-04-14T18:05:08 UTC" name="dashboardTest" finished-at="2024-04-14T18:05:12 UTC" depends-on-methods="com.pagetest.vendorportal.VendorPortalTest.loginTest" duration-ms="4365" status="PASS">
          <reporter-output>
          </reporter-output>
        </test-method> <!-- dashboardTest -->
        <test-method signature="logout()[pri:0, instance:com.pagetest.vendorportal.VendorPortalTest@3d246ea3]" started-at="2024-04-14T18:05:12 UTC" name="logout" finished-at="2024-04-14T18:05:14 UTC" depends-on-methods="com.pagetest.vendorportal.VendorPortalTest.dashboardTest" duration-ms="1865" status="PASS">
          <reporter-output>
          </reporter-output>
        </test-method> <!-- logout -->
        <test-method is-config="true" signature="quiteDriver()[pri:0, instance:com.pagetest.vendorportal.VendorPortalTest@3d246ea3]" started-at="2024-04-14T18:05:14 UTC" name="quiteDriver" finished-at="2024-04-14T18:05:14 UTC" duration-ms="172" status="PASS">
          <reporter-output>
          </reporter-output>
        </test-method> <!-- quiteDriver -->
      </class> <!-- com.pagetest.vendorportal.VendorPortalTest -->
    </test> <!-- User-John -->
    <test started-at="2024-04-14T18:05:01 UTC" name="User-Sam" finished-at="2024-04-14T18:05:16 UTC" duration-ms="15783">
      <class name="com.pagetest.vendorportal.VendorPortalTest">
        <test-method is-config="true" signature="setDriver(org.testng.ITestContext)[pri:0, instance:com.pagetest.vendorportal.VendorPortalTest@7cbd9d24]" started-at="2024-04-14T18:05:01 UTC" name="setDriver" finished-at="2024-04-14T18:05:04 UTC" duration-ms="3453" status="PASS">
          <params>
            <param index="0">
              <value>
                <![CDATA[org.testng.TestRunner@2631f68c]]>
              </value>
            </param>
          </params>
          <reporter-output>
          </reporter-output>
        </test-method> <!-- setDriver -->
        <test-method is-config="true" signature="setPageObject(java.lang.String)[pri:0, instance:com.pagetest.vendorportal.VendorPortalTest@7cbd9d24]" started-at="2024-04-14T18:05:04 UTC" name="setPageObject" finished-at="2024-04-14T18:05:05 UTC" depends-on-methods="com.pagetest.AbstractTest.setDriver" duration-ms="770" status="PASS">
          <params>
            <param index="0">
              <value>
                <![CDATA[test-data/vendorportal/sam.json]]>
              </value>
            </param>
          </params>
          <reporter-output>
          </reporter-output>
        </test-method> <!-- setPageObject -->
        <test-method signature="loginTest()[pri:0, instance:com.pagetest.vendorportal.VendorPortalTest@7cbd9d24]" started-at="2024-04-14T18:05:05 UTC" name="loginTest" finished-at="2024-04-14T18:05:09 UTC" duration-ms="3956" status="PASS">
          <reporter-output>
          </reporter-output>
        </test-method> <!-- loginTest -->
        <test-method signature="dashboardTest()[pri:0, instance:com.pagetest.vendorportal.VendorPortalTest@7cbd9d24]" started-at="2024-04-14T18:05:09 UTC" name="dashboardTest" finished-at="2024-04-14T18:05:13 UTC" depends-on-methods="com.pagetest.vendorportal.VendorPortalTest.loginTest" duration-ms="4310" status="PASS">
          <reporter-output>
          </reporter-output>
        </test-method> <!-- dashboardTest -->
        <test-method signature="logout()[pri:0, instance:com.pagetest.vendorportal.VendorPortalTest@7cbd9d24]" started-at="2024-04-14T18:05:13 UTC" name="logout" finished-at="2024-04-14T18:05:16 UTC" depends-on-methods="com.pagetest.vendorportal.VendorPortalTest.dashboardTest" duration-ms="3071" status="PASS">
          <reporter-output>
          </reporter-output>
        </test-method> <!-- logout -->
        <test-method is-config="true" signature="quiteDriver()[pri:0, instance:com.pagetest.vendorportal.VendorPortalTest@7cbd9d24]" started-at="2024-04-14T18:05:16 UTC" name="quiteDriver" finished-at="2024-04-14T18:05:16 UTC" duration-ms="132" status="PASS">
          <reporter-output>
          </reporter-output>
        </test-method> <!-- quiteDriver -->
      </class> <!-- com.pagetest.vendorportal.VendorPortalTest -->
    </test> <!-- User-Sam -->
    <test started-at="2024-04-14T18:05:01 UTC" name="User-Mike" finished-at="2024-04-14T18:05:18 UTC" duration-ms="17637">
      <class name="com.pagetest.vendorportal.VendorPortalTest">
        <test-method is-config="true" signature="setDriver(org.testng.ITestContext)[pri:0, instance:com.pagetest.vendorportal.VendorPortalTest@56c4278e]" started-at="2024-04-14T18:05:01 UTC" name="setDriver" finished-at="2024-04-14T18:05:04 UTC" duration-ms="3453" status="PASS">
          <params>
            <param index="0">
              <value>
                <![CDATA[org.testng.TestRunner@6ed3f258]]>
              </value>
            </param>
          </params>
          <reporter-output>
          </reporter-output>
        </test-method> <!-- setDriver -->
        <test-method is-config="true" signature="setPageObject(java.lang.String)[pri:0, instance:com.pagetest.vendorportal.VendorPortalTest@56c4278e]" started-at="2024-04-14T18:05:04 UTC" name="setPageObject" finished-at="2024-04-14T18:05:05 UTC" depends-on-methods="com.pagetest.AbstractTest.setDriver" duration-ms="770" status="PASS">
          <params>
            <param index="0">
              <value>
                <![CDATA[test-data/vendorportal/mike.json]]>
              </value>
            </param>
          </params>
          <reporter-output>
          </reporter-output>
        </test-method> <!-- setPageObject -->
        <test-method signature="loginTest()[pri:0, instance:com.pagetest.vendorportal.VendorPortalTest@56c4278e]" started-at="2024-04-14T18:05:05 UTC" name="loginTest" finished-at="2024-04-14T18:05:09 UTC" duration-ms="4020" status="PASS">
          <reporter-output>
          </reporter-output>
        </test-method> <!-- loginTest -->
        <test-method signature="dashboardTest()[pri:0, instance:com.pagetest.vendorportal.VendorPortalTest@56c4278e]" started-at="2024-04-14T18:05:09 UTC" name="dashboardTest" finished-at="2024-04-14T18:05:15 UTC" depends-on-methods="com.pagetest.vendorportal.VendorPortalTest.loginTest" duration-ms="5753" status="PASS">
          <reporter-output>
          </reporter-output>
        </test-method> <!-- dashboardTest -->
        <test-method signature="logout()[pri:0, instance:com.pagetest.vendorportal.VendorPortalTest@56c4278e]" started-at="2024-04-14T18:05:15 UTC" name="logout" finished-at="2024-04-14T18:05:18 UTC" depends-on-methods="com.pagetest.vendorportal.VendorPortalTest.dashboardTest" duration-ms="3409" status="PASS">
          <reporter-output>
          </reporter-output>
        </test-method> <!-- logout -->
        <test-method is-config="true" signature="quiteDriver()[pri:0, instance:com.pagetest.vendorportal.VendorPortalTest@56c4278e]" started-at="2024-04-14T18:05:18 UTC" name="quiteDriver" finished-at="2024-04-14T18:05:18 UTC" duration-ms="152" status="PASS">
          <reporter-output>
          </reporter-output>
        </test-method> <!-- quiteDriver -->
      </class> <!-- com.pagetest.vendorportal.VendorPortalTest -->
    </test> <!-- User-Mike -->
  </suite> <!-- Vendor-Portal -->
</testng-results>
